<?xml version="1.0" encoding="UTF-8"?>
<testng-results ignored="0" total="2" passed="2" failed="0" skipped="0">
  <reporter-output>
  </reporter-output>
  <suite started-at="2024-08-29T20:48:43 IST" name="Default suite" finished-at="2024-08-29T20:48:50 IST" duration-ms="7114">
    <groups>
    </groups>
    <test started-at="2024-08-29T20:48:43 IST" name="Default test" finished-at="2024-08-29T20:48:50 IST" duration-ms="7114">
      <class name="com.com.webTest.TestNGTest1">
        <test-method signature="testcase1()[pri:0, instance:com.com.webTest.TestNGTest1@3541cb24]" started-at="2024-08-29T20:48:43 IST" name="testcase1" finished-at="2024-08-29T20:48:43 IST" duration-ms="12" status="PASS">
          <reporter-output>
          </reporter-output>
        </test-method> <!-- testcase1 -->
        <test-method signature="testcase2()[pri:0, instance:com.com.webTest.TestNGTest1@3541cb24]" started-at="2024-08-29T20:48:43 IST" name="testcase2" finished-at="2024-08-29T20:48:50 IST" duration-ms="7033" status="PASS">
          <reporter-output>
          </reporter-output>
        </test-method> <!-- testcase2 -->
      </class> <!-- com.com.webTest.TestNGTest1 -->
    </test> <!-- Default test -->
  </suite> <!-- Default suite -->
</testng-results>
